[debug] [2026-03-25T01:59:37.679Z] ----------------------------------------------------------------------
[debug] [2026-03-25T01:59:37.682Z] Command:       C:\Program Files\nodejs\node.exe C:\Users\CDiaz\AppData\Roaming\npm\node_modules\firebase-tools\lib\bin\firebase.js functions:shell
[debug] [2026-03-25T01:59:37.682Z] CLI Version:   15.11.0
[debug] [2026-03-25T01:59:37.682Z] Platform:      win32
[debug] [2026-03-25T01:59:37.682Z] Node Version:  v20.9.0
[debug] [2026-03-25T01:59:37.683Z] Time:          Tue Mar 24 2026 21:59:37 GMT-0400 (Bolivia Time)
[debug] [2026-03-25T01:59:37.683Z] ----------------------------------------------------------------------
[debug] 
[debug] [2026-03-25T01:59:39.370Z] > command requires scopes: ["email","openid","https://www.googleapis.com/auth/cloudplatformprojects.readonly","https://www.googleapis.com/auth/firebase","https://www.googleapis.com/auth/cloud-platform"]
[debug] [2026-03-25T01:59:39.371Z] > authorizing via signed-in user (christian.059.cd@gmail.com)
[debug] [2026-03-25T01:59:39.371Z] [iam] checking project stat2win for permissions ["firebase.projects.get"]
[debug] [2026-03-25T01:59:39.372Z] Checked if tokens are valid: true, expires at: 1774405761957
[debug] [2026-03-25T01:59:39.372Z] Checked if tokens are valid: true, expires at: 1774405761957
[debug] [2026-03-25T01:59:39.373Z] >>> [apiv2][query] POST https://cloudresourcemanager.googleapis.com/v1/projects/stat2win:testIamPermissions [none]
[debug] [2026-03-25T01:59:39.373Z] >>> [apiv2][(partial)header] POST https://cloudresourcemanager.googleapis.com/v1/projects/stat2win:testIamPermissions  x-goog-user-project=stat2win
[debug] [2026-03-25T01:59:39.373Z] >>> [apiv2][body] POST https://cloudresourcemanager.googleapis.com/v1/projects/stat2win:testIamPermissions {"permissions":["firebase.projects.get"]}
[debug] [2026-03-25T01:59:41.720Z] <<< [apiv2][status] POST https://cloudresourcemanager.googleapis.com/v1/projects/stat2win:testIamPermissions 200
[debug] [2026-03-25T01:59:41.720Z] <<< [apiv2][body] POST https://cloudresourcemanager.googleapis.com/v1/projects/stat2win:testIamPermissions {"permissions":["firebase.projects.get"]}
[debug] [2026-03-25T01:59:41.725Z] [functions] Functions Emulator only supports listening on one address (127.0.0.1). Not listening on ::1
[debug] [2026-03-25T01:59:42.679Z] defaultcredentials: writing to file C:\Users\CDiaz\AppData\Roaming\firebase\christian_059.cd_gmail.com_application_default_credentials.json
[debug] [2026-03-25T01:59:42.682Z] DEBUG: Setting GAC to C:\Users\CDiaz\AppData\Roaming\firebase\christian_059.cd_gmail.com_application_default_credentials.json
[debug] [2026-03-25T01:59:42.683Z] Checked if tokens are valid: true, expires at: 1774405761957
[debug] [2026-03-25T01:59:42.683Z] Checked if tokens are valid: true, expires at: 1774405761957
[debug] [2026-03-25T01:59:42.684Z] >>> [apiv2][query] GET https://firebase.googleapis.com/v1beta1/projects/stat2win/adminSdkConfig [none]
[debug] [2026-03-25T01:59:46.666Z] <<< [apiv2][status] GET https://firebase.googleapis.com/v1beta1/projects/stat2win/adminSdkConfig 200
[debug] [2026-03-25T01:59:46.666Z] <<< [apiv2][body] GET https://firebase.googleapis.com/v1beta1/projects/stat2win/adminSdkConfig {"projectId":"stat2win","storageBucket":"stat2win.firebasestorage.app"}
[debug] [2026-03-25T01:59:46.701Z] [functions] Watching "E:\Stat2Win\stat2win-web\functions" for Cloud Functions...
[debug] [2026-03-25T01:59:46.703Z] Validating nodejs source
[warn] !  functions: package.json indicates an outdated version of firebase-functions. Please upgrade using npm install --save firebase-functions@latest in your functions directory. 
[debug] [2026-03-25T01:59:52.763Z] > [functions] package.json contents: {
  "name": "functions",
  "scripts": {
    "lint": "echo \"skip lint\"",
    "build": "tsc",
    "build:watch": "tsc --watch",
    "serve": "npm run build && firebase emulators:start --only functions",
    "shell": "npm run build && firebase functions:shell",
    "start": "npm run shell",
    "deploy": "firebase deploy --only functions",
    "logs": "firebase functions:log"
  },
  "engines": {
    "node": "20"
  },
  "main": "lib/index.js",
  "dependencies": {
    "axios": "^1.13.6",
    "firebase-admin": "^13.6.0",
    "firebase-functions": "^7.0.2"
  },
  "devDependencies": {
    "@typescript-eslint/eslint-plugin": "^5.12.0",
    "@typescript-eslint/parser": "^5.12.0",
    "eslint": "^8.9.0",
    "eslint-config-google": "^0.14.0",
    "eslint-plugin-import": "^2.25.4",
    "firebase-functions-test": "^3.4.1",
    "ts-node": "^10.9.2",
    "typescript": "^5.9.3"
  },
  "private": true
}
[debug] [2026-03-25T01:59:52.763Z] Building nodejs source
[debug] [2026-03-25T01:59:52.763Z] Failed to find version of module node: reached end of search path E:\Stat2Win\stat2win-web\functions\node_modules
[info] +  functions: Using node@20 from host. 
[debug] [2026-03-25T01:59:52.767Z] Could not find functions.yaml. Must use http discovery
[debug] [2026-03-25T01:59:52.775Z] Found firebase-functions binary at 'E:\Stat2Win\stat2win-web\functions\node_modules\.bin\firebase-functions'
[info] Serving at port 8474

[debug] [2026-03-25T01:59:53.412Z] Got response from /__/functions.yaml {"endpoints":{"placePick":{"availableMemoryMb":null,"timeoutSeconds":null,"minInstances":null,"maxInstances":null,"ingressSettings":null,"concurrency":null,"serviceAccountEmail":null,"vpc":null,"platform":"gcfv2","labels":{},"callableTrigger":{},"entryPoint":"placePick"},"syncNBAGamesNow":{"availableMemoryMb":null,"timeoutSeconds":null,"minInstances":null,"maxInstances":null,"ingressSettings":null,"concurrency":null,"serviceAccountEmail":null,"vpc":null,"platform":"gcfv2","secretEnvironmentVariables":[{"key":"ODDS_API_KEY"}],"labels":{},"callableTrigger":{},"entryPoint":"syncNBAGamesNow"},"importNBAGamesDaily":{"availableMemoryMb":null,"timeoutSeconds":null,"minInstances":null,"maxInstances":null,"ingressSettings":null,"concurrency":null,"serviceAccountEmail":null,"vpc":null,"platform":"gcfv2","labels":{},"scheduleTrigger":{"schedule":"0 5 * * *","retryConfig":{},"timeZone":"America/Puerto_Rico"},"entryPoint":"importNBAGamesDaily"},"refreshNBAGamesEvery30Min":{"availableMemoryMb":null,"timeoutSeconds":null,"minInstances":null,"maxInstances":null,"ingressSettings":null,"concurrency":null,"serviceAccountEmail":null,"vpc":null,"platform":"gcfv2","labels":{},"scheduleTrigger":{"schedule":"every 30 minutes","retryConfig":{},"timeZone":"America/Puerto_Rico"},"entryPoint":"refreshNBAGamesEvery30Min"},"syncNbaEvents":{"availableMemoryMb":null,"timeoutSeconds":null,"minInstances":null,"maxInstances":null,"ingressSettings":null,"concurrency":null,"serviceAccountEmail":null,"vpc":null,"platform":"gcfv2","secretEnvironmentVariables":[{"key":"ODDS_API_KEY"}],"labels":{},"scheduleTrigger":{"schedule":"0 8 * * *","retryConfig":{},"timeZone":"America/Puerto_Rico"},"entryPoint":"syncNbaEvents"},"syncNbaOdds":{"availableMemoryMb":null,"timeoutSeconds":null,"minInstances":null,"maxInstances":null,"ingressSettings":null,"concurrency":null,"serviceAccountEmail":null,"vpc":null,"platform":"gcfv2","secretEnvironmentVariables":[{"key":"ODDS_API_KEY"}],"labels":{},"scheduleTrigger":{"schedule":"every 4 hours","retryConfig":{},"timeZone":"America/Puerto_Rico"},"entryPoint":"syncNbaOdds"},"syncNbaScores":{"availableMemoryMb":null,"timeoutSeconds":null,"minInstances":null,"maxInstances":null,"ingressSettings":null,"concurrency":null,"serviceAccountEmail":null,"vpc":null,"platform":"gcfv2","labels":{},"scheduleTrigger":{"schedule":"*/10 * * * *","retryConfig":{},"timeZone":"America/Puerto_Rico"},"entryPoint":"syncNbaScores"},"syncMLBGamesNow":{"availableMemoryMb":null,"timeoutSeconds":null,"minInstances":null,"maxInstances":null,"ingressSettings":null,"concurrency":null,"serviceAccountEmail":null,"vpc":null,"platform":"gcfv2","secretEnvironmentVariables":[{"key":"ODDS_API_KEY"}],"labels":{},"callableTrigger":{},"entryPoint":"syncMLBGamesNow"},"syncMlbEvents":{"availableMemoryMb":null,"timeoutSeconds":null,"minInstances":null,"maxInstances":null,"ingressSettings":null,"concurrency":null,"serviceAccountEmail":null,"vpc":null,"platform":"gcfv2","secretEnvironmentVariables":[{"key":"ODDS_API_KEY"}],"labels":{},"scheduleTrigger":{"schedule":"30 8 * * *","retryConfig":{},"timeZone":"America/Puerto_Rico"},"entryPoint":"syncMlbEvents"},"syncMlbOdds":{"availableMemoryMb":null,"timeoutSeconds":null,"minInstances":null,"maxInstances":null,"ingressSettings":null,"concurrency":null,"serviceAccountEmail":null,"vpc":null,"platform":"gcfv2","secretEnvironmentVariables":[{"key":"ODDS_API_KEY"}],"labels":{},"scheduleTrigger":{"schedule":"every 6 hours","retryConfig":{},"timeZone":"America/Puerto_Rico"},"entryPoint":"syncMlbOdds"},"onPickWriteEnsureLeaderboard":{"availableMemoryMb":null,"timeoutSeconds":null,"minInstances":null,"maxInstances":null,"ingressSettings":null,"concurrency":null,"serviceAccountEmail":null,"vpc":null,"platform":"gcfv2","labels":{},"eventTrigger":{"eventType":"google.cloud.firestore.document.v1.written","eventFilters":{"database":"(default)","namespace":"(default)"},"eventFilterPathPatterns":{"document":"picks/{pickId}"},"retry":false},"entryPoint":"onPickWriteEnsureLeaderboard"},"onGameWriteResolvePicks":{"availableMemoryMb":null,"timeoutSeconds":null,"minInstances":null,"maxInstances":null,"ingressSettings":null,"concurrency":null,"serviceAccountEmail":null,"vpc":null,"platform":"gcfv2","labels":{},"eventTrigger":{"eventType":"google.cloud.firestore.document.v1.written","eventFilters":{"database":"(default)","namespace":"(default)"},"eventFilterPathPatterns":{"document":"games/{docId}"},"retry":false},"entryPoint":"onGameWriteResolvePicks"},"finalizeWeeklyLeaderboardNBA":{"availableMemoryMb":null,"timeoutSeconds":null,"minInstances":null,"maxInstances":null,"ingressSettings":null,"concurrency":null,"serviceAccountEmail":null,"vpc":null,"platform":"gcfv2","labels":{},"scheduleTrigger":{"schedule":"5 0 * * 1","retryConfig":{},"timeZone":"America/Puerto_Rico"},"entryPoint":"finalizeWeeklyLeaderboardNBA"},"adminRecomputeNBAWeek":{"availableMemoryMb":null,"timeoutSeconds":null,"minInstances":null,"maxInstances":null,"ingressSettings":null,"concurrency":null,"serviceAccountEmail":null,"vpc":null,"platform":"gcfv2","labels":{},"callableTrigger":{},"entryPoint":"adminRecomputeNBAWeek"},"adminRecomputeMLBWeek":{"availableMemoryMb":null,"timeoutSeconds":null,"minInstances":null,"maxInstances":null,"ingressSettings":null,"concurrency":null,"serviceAccountEmail":null,"vpc":null,"platform":"gcfv2","labels":{},"callableTrigger":{},"entryPoint":"adminRecomputeMLBWeek"},"claimDailyLoginReward":{"availableMemoryMb":null,"timeoutSeconds":null,"minInstances":null,"maxInstances":null,"ingressSettings":null,"concurrency":null,"serviceAccountEmail":null,"vpc":null,"platform":"gcfv2","labels":{},"callableTrigger":{},"entryPoint":"claimDailyLoginReward"},"getLeaderboardWeek":{"availableMemoryMb":null,"timeoutSeconds":null,"minInstances":null,"maxInstances":null,"ingressSettings":null,"concurrency":null,"serviceAccountEmail":null,"vpc":null,"platform":"gcfv2","labels":{},"callableTrigger":{},"entryPoint":"getLeaderboardWeek"},"getMyPicksWeek":{"availableMemoryMb":null,"timeoutSeconds":null,"minInstances":null,"maxInstances":null,"ingressSettings":null,"concurrency":null,"serviceAccountEmail":null,"vpc":null,"platform":"gcfv2","labels":{},"callableTrigger":{},"entryPoint":"getMyPicksWeek"},"adminRescoreGame":{"availableMemoryMb":null,"timeoutSeconds":null,"minInstances":null,"maxInstances":null,"ingressSettings":null,"concurrency":null,"serviceAccountEmail":null,"vpc":null,"platform":"gcfv2","labels":{},"callableTrigger":{},"entryPoint":"adminRescoreGame"},"autoRescoreFinalGames":{"availableMemoryMb":null,"timeoutSeconds":null,"minInstances":null,"maxInstances":null,"ingressSettings":null,"concurrency":null,"serviceAccountEmail":null,"vpc":null,"platform":"gcfv2","labels":{},"scheduleTrigger":{"schedule":"every 15 minutes","retryConfig":{},"timeZone":"America/Puerto_Rico"},"entryPoint":"autoRescoreFinalGames"}},"specVersion":"v1alpha1","requiredAPIs":[{"api":"cloudscheduler.googleapis.com","reason":"Needed for scheduled functions."}],"extensions":{},"params":[{"type":"secret","name":"ODDS_API_KEY"}]}
[debug] [2026-03-25T01:59:58.474Z] [functions] Loaded functions definitions from source: placePick, syncNBAGamesNow, importNBAGamesDaily, refreshNBAGamesEvery30Min, syncNbaEvents, syncNbaOdds, syncNbaScores, syncMLBGamesNow, syncMlbEvents, syncMlbOdds, onPickWriteEnsureLeaderboard, onGameWriteResolvePicks, finalizeWeeklyLeaderboardNBA, adminRecomputeNBAWeek, adminRecomputeMLBWeek, claimDailyLoginReward, getLeaderboardWeek, getMyPicksWeek, adminRescoreGame, autoRescoreFinalGames.
[debug] [2026-03-25T01:59:58.475Z] [functions[us-central1-placePick]] http function initialized (http://127.0.0.1:5000/stat2win/us-central1/placePick).
[debug] [2026-03-25T01:59:58.475Z] [functions[us-central1-syncNBAGamesNow]] http function initialized (http://127.0.0.1:5000/stat2win/us-central1/syncNBAGamesNow).
[debug] [2026-03-25T01:59:58.475Z] [functions[us-central1-importNBAGamesDaily]] function ignored because the pubsub emulator does not exist or is not running.
[debug] [2026-03-25T01:59:58.475Z] [functions[us-central1-refreshNBAGamesEvery30Min]] function ignored because the pubsub emulator does not exist or is not running.
[debug] [2026-03-25T01:59:58.475Z] [functions[us-central1-syncNbaEvents]] function ignored because the pubsub emulator does not exist or is not running.
[debug] [2026-03-25T01:59:58.475Z] [functions[us-central1-syncNbaOdds]] function ignored because the pubsub emulator does not exist or is not running.
[debug] [2026-03-25T01:59:58.476Z] [functions[us-central1-syncNbaScores]] function ignored because the pubsub emulator does not exist or is not running.
[debug] [2026-03-25T01:59:58.476Z] [functions[us-central1-syncMLBGamesNow]] http function initialized (http://127.0.0.1:5000/stat2win/us-central1/syncMLBGamesNow).
[debug] [2026-03-25T01:59:58.476Z] [functions[us-central1-syncMlbEvents]] function ignored because the pubsub emulator does not exist or is not running.
[debug] [2026-03-25T01:59:58.476Z] [functions[us-central1-syncMlbOdds]] function ignored because the pubsub emulator does not exist or is not running.
[debug] [2026-03-25T01:59:58.476Z] [functions[us-central1-onPickWriteEnsureLeaderboard]] function ignored because the firestore emulator does not exist or is not running.
[debug] [2026-03-25T01:59:58.476Z] [functions[us-central1-onGameWriteResolvePicks]] function ignored because the firestore emulator does not exist or is not running.
[debug] [2026-03-25T01:59:58.476Z] [functions[us-central1-finalizeWeeklyLeaderboardNBA]] function ignored because the pubsub emulator does not exist or is not running.
[debug] [2026-03-25T01:59:58.476Z] [functions[us-central1-adminRecomputeNBAWeek]] http function initialized (http://127.0.0.1:5000/stat2win/us-central1/adminRecomputeNBAWeek).
[debug] [2026-03-25T01:59:58.476Z] [functions[us-central1-adminRecomputeMLBWeek]] http function initialized (http://127.0.0.1:5000/stat2win/us-central1/adminRecomputeMLBWeek).
[debug] [2026-03-25T01:59:58.476Z] [functions[us-central1-claimDailyLoginReward]] http function initialized (http://127.0.0.1:5000/stat2win/us-central1/claimDailyLoginReward).
[debug] [2026-03-25T01:59:58.476Z] [functions[us-central1-getLeaderboardWeek]] http function initialized (http://127.0.0.1:5000/stat2win/us-central1/getLeaderboardWeek).
[debug] [2026-03-25T01:59:58.476Z] [functions[us-central1-getMyPicksWeek]] http function initialized (http://127.0.0.1:5000/stat2win/us-central1/getMyPicksWeek).
[debug] [2026-03-25T01:59:58.477Z] [functions[us-central1-adminRescoreGame]] http function initialized (http://127.0.0.1:5000/stat2win/us-central1/adminRescoreGame).
[debug] [2026-03-25T01:59:58.477Z] [functions[us-central1-autoRescoreFinalGames]] function ignored because the pubsub emulator does not exist or is not running.
[info] i  functions: Loaded functions: placePick, syncNBAGamesNow, importNBAGamesDaily, refreshNBAGamesEvery30Min, syncNbaEvents, syncNbaOdds, syncNbaScores, syncMLBGamesNow, syncMlbEvents, syncMlbOdds, onPickWriteEnsureLeaderboard, onGameWriteResolvePicks, finalizeWeeklyLeaderboardNBA, adminRecomputeNBAWeek, adminRecomputeMLBWeek, claimDailyLoginReward, getLeaderboardWeek, getMyPicksWeek, adminRescoreGame, autoRescoreFinalGames 
[warn] !  functions: The following emulators are not running, calls to these services will affect production: firestore, database, pubsub, storage, eventarc, tasks 
[debug] [2026-03-25T02:00:04.592Z] shell:syncMlbOdds: trigger={"entryPoint":"syncMlbOdds","platform":"gcfv2","region":"us-central1","name":"syncMlbOdds","id":"us-central1-syncMlbOdds","codebase":"default","availableMemoryMb":256,"labels":{"EVENTARC_CLOUD_EVENT_SOURCE":"run-emulated.googleapis.com/projects/stat2win/locations/us-central1/services/syncMlbOdds"},"timeoutSeconds":60,"secretEnvironmentVariables":[{"key":"ODDS_API_KEY","secret":"ODDS_API_KEY","projectId":"stat2win"}],"eventTrigger":{"eventType":"pubsub","resource":""},"schedule":{"schedule":"every 6 hours","timeZone":"America/Puerto_Rico","retryConfig":{}}}
[debug] [2026-03-25T02:00:04.593Z] shell:syncMlbOdds: opts={}, data={}
[debug] [2026-03-25T02:00:04.595Z] [functions] Trying to access secret ODDS_API_KEY@latest
[debug] [2026-03-25T02:00:04.596Z] Checked if tokens are valid: true, expires at: 1774405761957
[debug] [2026-03-25T02:00:04.596Z] Checked if tokens are valid: true, expires at: 1774405761957
[debug] [2026-03-25T02:00:04.600Z] >>> [apiv2][query] GET https://secretmanager.googleapis.com/v1/projects/stat2win/secrets/ODDS_API_KEY/versions/latest:access [none]
[debug] [2026-03-25T02:00:06.797Z] <<< [apiv2][status] GET https://secretmanager.googleapis.com/v1/projects/stat2win/secrets/ODDS_API_KEY/versions/latest:access 200
[debug] [2026-03-25T02:00:06.798Z] <<< [apiv2][body] GET https://secretmanager.googleapis.com/v1/projects/stat2win/secrets/ODDS_API_KEY/versions/latest:access {"name":"projects/922389499318/secrets/ODDS_API_KEY/versions/2","payload":{"data":"ZTAyYTAwNmQ2Nzg1ZWQ3Njk0ZDk2YjhkMjkxOTA1N2Q=","dataCrc32c":"2148920327"}}
[debug] [2026-03-25T02:00:06.823Z] DEBUG: [worker-pool] addWorker(us-central1-syncMlbOdds)
[debug] [2026-03-25T02:00:06.824Z] DEBUG: [worker-pool] Adding worker with key us-central1-syncMlbOdds, total=1
[debug] [2026-03-25T02:00:07.977Z] DEBUG: [runtime-status] [12664] Resolved module firebase-admin {"declared":true,"installed":true,"version":"13.6.0","resolution":"E:\\Stat2Win\\stat2win-web\\functions\\node_modules\\firebase-admin\\lib\\index.js"}
[debug] [2026-03-25T02:00:07.978Z] DEBUG: [runtime-status] [12664] Resolved module firebase-functions {"declared":true,"installed":true,"version":"7.0.2","resolution":"E:\\Stat2Win\\stat2win-web\\functions\\node_modules\\firebase-functions\\lib\\v2\\index.js"}
[debug] [2026-03-25T02:00:07.978Z] DEBUG: [runtime-status] [12664] Outgoing network have been stubbed. [{"name":"http","status":"mocked"},{"name":"http","status":"mocked"},{"name":"https","status":"mocked"},{"name":"https","status":"mocked"},{"name":"net","status":"mocked"}]
[debug] [2026-03-25T02:00:07.979Z] DEBUG: [runtime-status] [12664] Resolved module firebase-functions {"declared":true,"installed":true,"version":"7.0.2","resolution":"E:\\Stat2Win\\stat2win-web\\functions\\node_modules\\firebase-functions\\lib\\v2\\index.js"}
[debug] [2026-03-25T02:00:07.979Z] DEBUG: [runtime-status] [12664] Detected firebase-functions v7+, skipping legacy stubs.
[debug] [2026-03-25T02:00:07.980Z] DEBUG: [runtime-status] [12664] Resolved module firebase-admin {"declared":true,"installed":true,"version":"13.6.0","resolution":"E:\\Stat2Win\\stat2win-web\\functions\\node_modules\\firebase-admin\\lib\\index.js"}
[debug] [2026-03-25T02:00:08.076Z] DEBUG: [runtime-status] [12664] Resolved module firebase-functions {"declared":true,"installed":true,"version":"7.0.2","resolution":"E:\\Stat2Win\\stat2win-web\\functions\\node_modules\\firebase-functions\\lib\\v2\\index.js"}
[debug] [2026-03-25T02:00:08.361Z] DEBUG: [runtime-status] [12664] firebase-admin has been stubbed. {"adminResolution":{"declared":true,"installed":true,"version":"13.6.0","resolution":"E:\\Stat2Win\\stat2win-web\\functions\\node_modules\\firebase-admin\\lib\\index.js"}}
[debug] [2026-03-25T02:00:08.434Z] DEBUG: [runtime-status] [12664] initializeApp(DEFAULT) {"storageBucket":"stat2win.firebasestorage.app","projectId":"stat2win"}
[warn] !  functions: The Cloud Firestore emulator is not running, so calls to Firestore will affect production. {"metadata":{"emulator":{"name":"functions"},"function":{"name":"us-central1-syncMlbOdds"},"extension":{},"message":"The Cloud Firestore emulator is not running, so calls to Firestore will affect production."}}
[debug] [2026-03-25T02:00:08.456Z] DEBUG: [runtime-status] [12664] Functions runtime initialized. {"cwd":"E:\\Stat2Win\\stat2win-web\\functions","node_version":"20.9.0"}
[debug] [2026-03-25T02:00:08.457Z] DEBUG: [runtime-status] [12664] Listening to port: \\?\pipe\fire_emu_50cca44ff6ea4d7e
[debug] [2026-03-25T02:00:08.486Z] DEBUG: [worker-us-central1-syncMlbOdds-2540914b-95d8-40a0-8c83-f2a9b01a8c65]: IDLE
[info] >  {"severity":"ERROR","message":"Error: Cannot read properties of undefined (reading 'serverTimestamp')\n    at entryFromArgs (E:\\Stat2Win\\stat2win-web\\functions\\node_modules\\firebase-functions\\lib\\logger\\index.js:120:13)\n    at Object.error (E:\\Stat2Win\\stat2win-web\\functions\\node_modules\\firebase-functions\\lib\\logger\\index.js:109:8)\n    at httpFunc (E:\\Stat2Win\\stat2win-web\\functions\\node_modules\\firebase-functions\\lib\\v2\\providers\\scheduler.js:53:25)\n    at process.processTicksAndRejections (node:internal/process/task_queues:95:5)\n    at async runFunction (C:\\Users\\CDiaz\\AppData\\Roaming\\npm\\node_modules\\firebase-tools\\lib\\emulator\\functionsEmulatorRuntime.js:399:9)\n    at async runHTTPS (C:\\Users\\CDiaz\\AppData\\Roaming\\npm\\node_modules\\firebase-tools\\lib\\emulator\\functionsEmulatorRuntime.js:424:5)\n    at async C:\\Users\\CDiaz\\AppData\\Roaming\\npm\\node_modules\\firebase-tools\\lib\\emulator\\functionsEmulatorRuntime.js:585:21"} {"user":{"severity":"ERROR","message":"Error: Cannot read properties of undefined (reading 'serverTimestamp')\n    at entryFromArgs (E:\\Stat2Win\\stat2win-web\\functions\\node_modules\\firebase-functions\\lib\\logger\\index.js:120:13)\n    at Object.error (E:\\Stat2Win\\stat2win-web\\functions\\node_modules\\firebase-functions\\lib\\logger\\index.js:109:8)\n    at httpFunc (E:\\Stat2Win\\stat2win-web\\functions\\node_modules\\firebase-functions\\lib\\v2\\providers\\scheduler.js:53:25)\n    at process.processTicksAndRejections (node:internal/process/task_queues:95:5)\n    at async runFunction (C:\\Users\\CDiaz\\AppData\\Roaming\\npm\\node_modules\\firebase-tools\\lib\\emulator\\functionsEmulatorRuntime.js:399:9)\n    at async runHTTPS (C:\\Users\\CDiaz\\AppData\\Roaming\\npm\\node_modules\\firebase-tools\\lib\\emulator\\functionsEmulatorRuntime.js:424:5)\n    at async C:\\Users\\CDiaz\\AppData\\Roaming\\npm\\node_modules\\firebase-tools\\lib\\emulator\\functionsEmulatorRuntime.js:585:21"},"metadata":{"emulator":{"name":"functions"},"function":{"name":"us-central1-syncMlbOdds"},"extension":{},"message":"\u001b[90m> \u001b[39m {\"severity\":\"ERROR\",\"message\":\"Error: Cannot read properties of undefined (reading 'serverTimestamp')\\n    at entryFromArgs (E:\\\\Stat2Win\\\\stat2win-web\\\\functions\\\\node_modules\\\\firebase-functions\\\\lib\\\\logger\\\\index.js:120:13)\\n    at Object.error (E:\\\\Stat2Win\\\\stat2win-web\\\\functions\\\\node_modules\\\\firebase-functions\\\\lib\\\\logger\\\\index.js:109:8)\\n    at httpFunc (E:\\\\Stat2Win\\\\stat2win-web\\\\functions\\\\node_modules\\\\firebase-functions\\\\lib\\\\v2\\\\providers\\\\scheduler.js:53:25)\\n    at process.processTicksAndRejections (node:internal/process/task_queues:95:5)\\n    at async runFunction (C:\\\\Users\\\\CDiaz\\\\AppData\\\\Roaming\\\\npm\\\\node_modules\\\\firebase-tools\\\\lib\\\\emulator\\\\functionsEmulatorRuntime.js:399:9)\\n    at async runHTTPS (C:\\\\Users\\\\CDiaz\\\\AppData\\\\Roaming\\\\npm\\\\node_modules\\\\firebase-tools\\\\lib\\\\emulator\\\\functionsEmulatorRuntime.js:424:5)\\n    at async C:\\\\Users\\\\CDiaz\\\\AppData\\\\Roaming\\\\npm\\\\node_modules\\\\firebase-tools\\\\lib\\\\emulator\\\\functionsEmulatorRuntime.js:585:21\"}"}}
[debug] [2026-03-25T02:03:15.170Z] >>> [apiv2][query] POST http://127.0.0.1:5000/stat2win/us-central1/syncMLBGamesNow/ [none]
[debug] [2026-03-25T02:03:15.176Z] [work-queue] {"queuedWork":["/stat2win/us-central1/syncMLBGamesNow/-2026-03-25T02:03:15.176Z"],"queueLength":1,"runningWork":[],"workRunningCount":0}
[debug] [2026-03-25T02:03:15.176Z] [work-queue] {"queuedWork":[],"queueLength":0,"runningWork":["/stat2win/us-central1/syncMLBGamesNow/-2026-03-25T02:03:15.176Z"],"workRunningCount":1}
[debug] [2026-03-25T02:03:15.177Z] Accepted request POST /stat2win/us-central1/syncMLBGamesNow/ --> us-central1-syncMLBGamesNow
[debug] [2026-03-25T02:03:15.183Z] DEBUG: [functions] Runtime ready! Sending request!
[debug] [2026-03-25T02:03:15.183Z] DEBUG: [functions] Got req.url=/stat2win/us-central1/syncMLBGamesNow/, mapping to path=/
[debug] [2026-03-25T02:03:15.183Z] [functions] Trying to access secret ODDS_API_KEY@latest
[debug] [2026-03-25T02:03:15.184Z] Checked if tokens are valid: true, expires at: 1774405761957
[debug] [2026-03-25T02:03:15.184Z] Checked if tokens are valid: true, expires at: 1774405761957
[debug] [2026-03-25T02:03:15.184Z] >>> [apiv2][query] GET https://secretmanager.googleapis.com/v1/projects/stat2win/secrets/ODDS_API_KEY/versions/latest:access [none]
[debug] [2026-03-25T02:03:21.425Z] <<< [apiv2][status] GET https://secretmanager.googleapis.com/v1/projects/stat2win/secrets/ODDS_API_KEY/versions/latest:access 200
[debug] [2026-03-25T02:03:21.425Z] <<< [apiv2][body] GET https://secretmanager.googleapis.com/v1/projects/stat2win/secrets/ODDS_API_KEY/versions/latest:access {"name":"projects/922389499318/secrets/ODDS_API_KEY/versions/2","payload":{"data":"ZTAyYTAwNmQ2Nzg1ZWQ3Njk0ZDk2YjhkMjkxOTA1N2Q=","dataCrc32c":"2148920327"}}
[debug] [2026-03-25T02:03:21.431Z] DEBUG: [worker-pool] addWorker(us-central1-syncMLBGamesNow)
[debug] [2026-03-25T02:03:21.431Z] DEBUG: [worker-pool] Adding worker with key us-central1-syncMLBGamesNow, total=1
[debug] [2026-03-25T02:03:22.600Z] DEBUG: [runtime-status] [29600] Resolved module firebase-admin {"declared":true,"installed":true,"version":"13.6.0","resolution":"E:\\Stat2Win\\stat2win-web\\functions\\node_modules\\firebase-admin\\lib\\index.js"}
[debug] [2026-03-25T02:03:22.601Z] DEBUG: [runtime-status] [29600] Resolved module firebase-functions {"declared":true,"installed":true,"version":"7.0.2","resolution":"E:\\Stat2Win\\stat2win-web\\functions\\node_modules\\firebase-functions\\lib\\v2\\index.js"}
[debug] [2026-03-25T02:03:22.602Z] DEBUG: [runtime-status] [29600] Outgoing network have been stubbed. [{"name":"http","status":"mocked"},{"name":"http","status":"mocked"},{"name":"https","status":"mocked"},{"name":"https","status":"mocked"},{"name":"net","status":"mocked"}]
[debug] [2026-03-25T02:03:22.602Z] DEBUG: [runtime-status] [29600] Resolved module firebase-functions {"declared":true,"installed":true,"version":"7.0.2","resolution":"E:\\Stat2Win\\stat2win-web\\functions\\node_modules\\firebase-functions\\lib\\v2\\index.js"}
[debug] [2026-03-25T02:03:22.603Z] DEBUG: [runtime-status] [29600] Detected firebase-functions v7+, skipping legacy stubs.
[debug] [2026-03-25T02:03:22.603Z] DEBUG: [runtime-status] [29600] Resolved module firebase-admin {"declared":true,"installed":true,"version":"13.6.0","resolution":"E:\\Stat2Win\\stat2win-web\\functions\\node_modules\\firebase-admin\\lib\\index.js"}
[debug] [2026-03-25T02:03:22.690Z] DEBUG: [runtime-status] [29600] Resolved module firebase-functions {"declared":true,"installed":true,"version":"7.0.2","resolution":"E:\\Stat2Win\\stat2win-web\\functions\\node_modules\\firebase-functions\\lib\\v2\\index.js"}
[debug] [2026-03-25T02:03:22.919Z] DEBUG: [runtime-status] [29600] firebase-admin has been stubbed. {"adminResolution":{"declared":true,"installed":true,"version":"13.6.0","resolution":"E:\\Stat2Win\\stat2win-web\\functions\\node_modules\\firebase-admin\\lib\\index.js"}}
[debug] [2026-03-25T02:03:22.973Z] DEBUG: [runtime-status] [29600] initializeApp(DEFAULT) {"storageBucket":"stat2win.firebasestorage.app","projectId":"stat2win"}
[debug] [2026-03-25T02:03:22.982Z] DEBUG: [runtime-status] [29600] Functions runtime initialized. {"cwd":"E:\\Stat2Win\\stat2win-web\\functions","node_version":"20.9.0"}
[debug] [2026-03-25T02:03:22.983Z] DEBUG: [runtime-status] [29600] Listening to port: \\?\pipe\fire_emu_d0f157f9feada353
[debug] [2026-03-25T02:03:23.077Z] DEBUG: [worker-us-central1-syncMLBGamesNow-6647d0ce-0bfb-4bcb-aeb7-a7c77fb20082]: IDLE
[debug] [2026-03-25T02:03:23.078Z] DEBUG: [worker-pool] submitRequest(triggerId=us-central1-syncMLBGamesNow)
[debug] [2026-03-25T02:03:23.078Z] [functions] Beginning execution of "us-central1-syncMLBGamesNow"
[debug] [2026-03-25T02:03:23.078Z] DEBUG: [worker-us-central1-syncMLBGamesNow-6647d0ce-0bfb-4bcb-aeb7-a7c77fb20082]: BUSY
[info] >  {"severity":"WARNING","message":"Request body is missing data."} {"user":{"severity":"WARNING","message":"Request body is missing data."},"metadata":{"emulator":{"name":"functions"},"function":{"name":"us-central1-syncMLBGamesNow"},"extension":{},"message":"\u001b[90m> \u001b[39m {\"severity\":\"WARNING\",\"message\":\"Request body is missing data.\"}"}}
[debug] [2026-03-25T02:03:23.093Z] DEBUG: Finishing up request with event=pause
[debug] [2026-03-25T02:03:23.093Z] [functions] Finished "us-central1-syncMLBGamesNow" in 14.8907ms
[debug] [2026-03-25T02:03:23.093Z] DEBUG: [worker-us-central1-syncMLBGamesNow-6647d0ce-0bfb-4bcb-aeb7-a7c77fb20082]: IDLE
[debug] [2026-03-25T02:03:23.093Z] DEBUG: Finishing up request with event=finish
[debug] [2026-03-25T02:03:23.093Z] DEBUG: Finishing up request with event=close
[debug] [2026-03-25T02:03:23.093Z] [work-queue] {"queuedWork":[],"queueLength":0,"runningWork":[],"workRunningCount":0}
[info] >  {"severity":"ERROR","message":"Error: Invalid request, unable to process.\n    at entryFromArgs (E:\\Stat2Win\\stat2win-web\\functions\\node_modules\\firebase-functions\\lib\\logger\\index.js:120:13)\n    at Object.error (E:\\Stat2Win\\stat2win-web\\functions\\node_modules\\firebase-functions\\lib\\logger\\index.js:109:8)\n    at E:\\Stat2Win\\stat2win-web\\functions\\node_modules\\firebase-functions\\lib\\common\\providers\\https.js:420:26\n    at E:\\Stat2Win\\stat2win-web\\functions\\node_modules\\firebase-functions\\lib\\common\\providers\\https.js:383:13\n    at cors (E:\\Stat2Win\\stat2win-web\\functions\\node_modules\\cors\\lib\\index.js:188:7)\n    at E:\\Stat2Win\\stat2win-web\\functions\\node_modules\\cors\\lib\\index.js:224:17\n    at originCallback (E:\\Stat2Win\\stat2win-web\\functions\\node_modules\\cors\\lib\\index.js:214:15)\n    at E:\\Stat2Win\\stat2win-web\\functions\\node_modules\\cors\\lib\\index.js:219:13\n    at optionsCallback (E:\\Stat2Win\\stat2win-web\\functions\\node_modules\\cors\\lib\\index.js:199:9)\n    at corsMiddleware (E:\\Stat2Win\\stat2win-web\\functions\\node_modules\\cors\\lib\\index.js:204:7)"} {"user":{"severity":"ERROR","message":"Error: Invalid request, unable to process.\n    at entryFromArgs (E:\\Stat2Win\\stat2win-web\\functions\\node_modules\\firebase-functions\\lib\\logger\\index.js:120:13)\n    at Object.error (E:\\Stat2Win\\stat2win-web\\functions\\node_modules\\firebase-functions\\lib\\logger\\index.js:109:8)\n    at E:\\Stat2Win\\stat2win-web\\functions\\node_modules\\firebase-functions\\lib\\common\\providers\\https.js:420:26\n    at E:\\Stat2Win\\stat2win-web\\functions\\node_modules\\firebase-functions\\lib\\common\\providers\\https.js:383:13\n    at cors (E:\\Stat2Win\\stat2win-web\\functions\\node_modules\\cors\\lib\\index.js:188:7)\n    at E:\\Stat2Win\\stat2win-web\\functions\\node_modules\\cors\\lib\\index.js:224:17\n    at originCallback (E:\\Stat2Win\\stat2win-web\\functions\\node_modules\\cors\\lib\\index.js:214:15)\n    at E:\\Stat2Win\\stat2win-web\\functions\\node_modules\\cors\\lib\\index.js:219:13\n    at optionsCallback (E:\\Stat2Win\\stat2win-web\\functions\\node_modules\\cors\\lib\\index.js:199:9)\n    at corsMiddleware (E:\\Stat2Win\\stat2win-web\\functions\\node_modules\\cors\\lib\\index.js:204:7)"},"metadata":{"emulator":{"name":"functions"},"function":{"name":"us-central1-syncMLBGamesNow"},"extension":{},"message":"\u001b[90m> \u001b[39m {\"severity\":\"ERROR\",\"message\":\"Error: Invalid request, unable to process.\\n    at entryFromArgs (E:\\\\Stat2Win\\\\stat2win-web\\\\functions\\\\node_modules\\\\firebase-functions\\\\lib\\\\logger\\\\index.js:120:13)\\n    at Object.error (E:\\\\Stat2Win\\\\stat2win-web\\\\functions\\\\node_modules\\\\firebase-functions\\\\lib\\\\logger\\\\index.js:109:8)\\n    at E:\\\\Stat2Win\\\\stat2win-web\\\\functions\\\\node_modules\\\\firebase-functions\\\\lib\\\\common\\\\providers\\\\https.js:420:26\\n    at E:\\\\Stat2Win\\\\stat2win-web\\\\functions\\\\node_modules\\\\firebase-functions\\\\lib\\\\common\\\\providers\\\\https.js:383:13\\n    at cors (E:\\\\Stat2Win\\\\stat2win-web\\\\functions\\\\node_modules\\\\cors\\\\lib\\\\index.js:188:7)\\n    at E:\\\\Stat2Win\\\\stat2win-web\\\\functions\\\\node_modules\\\\cors\\\\lib\\\\index.js:224:17\\n    at originCallback (E:\\\\Stat2Win\\\\stat2win-web\\\\functions\\\\node_modules\\\\cors\\\\lib\\\\index.js:214:15)\\n    at E:\\\\Stat2Win\\\\stat2win-web\\\\functions\\\\node_modules\\\\cors\\\\lib\\\\index.js:219:13\\n    at optionsCallback (E:\\\\Stat2Win\\\\stat2win-web\\\\functions\\\\node_modules\\\\cors\\\\lib\\\\index.js:199:9)\\n    at corsMiddleware (E:\\\\Stat2Win\\\\stat2win-web\\\\functions\\\\node_modules\\\\cors\\\\lib\\\\index.js:204:7)\"}"}}
[debug] [2026-03-25T02:03:23.097Z] <<< [apiv2][status] POST http://127.0.0.1:5000/stat2win/us-central1/syncMLBGamesNow/ 400
[debug] [2026-03-25T02:03:23.098Z] <<< [apiv2][body] POST http://127.0.0.1:5000/stat2win/us-central1/syncMLBGamesNow/ {"error":{"message":"Bad Request","status":"INVALID_ARGUMENT"}}
[debug] [2026-03-25T02:12:52.399Z] >>> [apiv2][query] POST http://127.0.0.1:5000/stat2win/us-central1/syncMLBGamesNow/ [none]
[debug] [2026-03-25T02:12:52.399Z] >>> [apiv2][body] POST http://127.0.0.1:5000/stat2win/us-central1/syncMLBGamesNow/ {}
[debug] [2026-03-25T02:12:52.402Z] [work-queue] {"queuedWork":["/stat2win/us-central1/syncMLBGamesNow/-2026-03-25T02:12:52.402Z"],"queueLength":1,"runningWork":[],"workRunningCount":0}
[debug] [2026-03-25T02:12:52.402Z] [work-queue] {"queuedWork":[],"queueLength":0,"runningWork":["/stat2win/us-central1/syncMLBGamesNow/-2026-03-25T02:12:52.402Z"],"workRunningCount":1}
[debug] [2026-03-25T02:12:52.402Z] Accepted request POST /stat2win/us-central1/syncMLBGamesNow/ --> us-central1-syncMLBGamesNow
[debug] [2026-03-25T02:12:52.405Z] DEBUG: [functions] Runtime ready! Sending request!
[debug] [2026-03-25T02:12:52.405Z] DEBUG: [functions] Got req.url=/stat2win/us-central1/syncMLBGamesNow/, mapping to path=/
[debug] [2026-03-25T02:12:52.405Z] DEBUG: [worker-pool] submitRequest(triggerId=us-central1-syncMLBGamesNow)
[debug] [2026-03-25T02:12:52.405Z] [functions] Beginning execution of "us-central1-syncMLBGamesNow"
[debug] [2026-03-25T02:12:52.405Z] DEBUG: [worker-us-central1-syncMLBGamesNow-6647d0ce-0bfb-4bcb-aeb7-a7c77fb20082]: BUSY
[info] >  {"severity":"WARNING","message":"Request body is missing data."} {"user":{"severity":"WARNING","message":"Request body is missing data."},"metadata":{"emulator":{"name":"functions"},"function":{"name":"us-central1-syncMLBGamesNow"},"extension":{},"message":"\u001b[90m> \u001b[39m {\"severity\":\"WARNING\",\"message\":\"Request body is missing data.\"}"}}
[info] >  {"severity":"ERROR","message":"Error: Invalid request, unable to process.\n    at entryFromArgs (E:\\Stat2Win\\stat2win-web\\functions\\node_modules\\firebase-functions\\lib\\logger\\index.js:120:13)\n    at Object.error (E:\\Stat2Win\\stat2win-web\\functions\\node_modules\\firebase-functions\\lib\\logger\\index.js:109:8)\n    at E:\\Stat2Win\\stat2win-web\\functions\\node_modules\\firebase-functions\\lib\\common\\providers\\https.js:420:26\n    at E:\\Stat2Win\\stat2win-web\\functions\\node_modules\\firebase-functions\\lib\\common\\providers\\https.js:383:13\n    at cors (E:\\Stat2Win\\stat2win-web\\functions\\node_modules\\cors\\lib\\index.js:188:7)\n    at E:\\Stat2Win\\stat2win-web\\functions\\node_modules\\cors\\lib\\index.js:224:17\n    at originCallback (E:\\Stat2Win\\stat2win-web\\functions\\node_modules\\cors\\lib\\index.js:214:15)\n    at E:\\Stat2Win\\stat2win-web\\functions\\node_modules\\cors\\lib\\index.js:219:13\n    at optionsCallback (E:\\Stat2Win\\stat2win-web\\functions\\node_modules\\cors\\lib\\index.js:199:9)\n    at corsMiddleware (E:\\Stat2Win\\stat2win-web\\functions\\node_modules\\cors\\lib\\index.js:204:7)"} {"user":{"severity":"ERROR","message":"Error: Invalid request, unable to process.\n    at entryFromArgs (E:\\Stat2Win\\stat2win-web\\functions\\node_modules\\firebase-functions\\lib\\logger\\index.js:120:13)\n    at Object.error (E:\\Stat2Win\\stat2win-web\\functions\\node_modules\\firebase-functions\\lib\\logger\\index.js:109:8)\n    at E:\\Stat2Win\\stat2win-web\\functions\\node_modules\\firebase-functions\\lib\\common\\providers\\https.js:420:26\n    at E:\\Stat2Win\\stat2win-web\\functions\\node_modules\\firebase-functions\\lib\\common\\providers\\https.js:383:13\n    at cors (E:\\Stat2Win\\stat2win-web\\functions\\node_modules\\cors\\lib\\index.js:188:7)\n    at E:\\Stat2Win\\stat2win-web\\functions\\node_modules\\cors\\lib\\index.js:224:17\n    at originCallback (E:\\Stat2Win\\stat2win-web\\functions\\node_modules\\cors\\lib\\index.js:214:15)\n    at E:\\Stat2Win\\stat2win-web\\functions\\node_modules\\cors\\lib\\index.js:219:13\n    at optionsCallback (E:\\Stat2Win\\stat2win-web\\functions\\node_modules\\cors\\lib\\index.js:199:9)\n    at corsMiddleware (E:\\Stat2Win\\stat2win-web\\functions\\node_modules\\cors\\lib\\index.js:204:7)"},"metadata":{"emulator":{"name":"functions"},"function":{"name":"us-central1-syncMLBGamesNow"},"extension":{},"message":"\u001b[90m> \u001b[39m {\"severity\":\"ERROR\",\"message\":\"Error: Invalid request, unable to process.\\n    at entryFromArgs (E:\\\\Stat2Win\\\\stat2win-web\\\\functions\\\\node_modules\\\\firebase-functions\\\\lib\\\\logger\\\\index.js:120:13)\\n    at Object.error (E:\\\\Stat2Win\\\\stat2win-web\\\\functions\\\\node_modules\\\\firebase-functions\\\\lib\\\\logger\\\\index.js:109:8)\\n    at E:\\\\Stat2Win\\\\stat2win-web\\\\functions\\\\node_modules\\\\firebase-functions\\\\lib\\\\common\\\\providers\\\\https.js:420:26\\n    at E:\\\\Stat2Win\\\\stat2win-web\\\\functions\\\\node_modules\\\\firebase-functions\\\\lib\\\\common\\\\providers\\\\https.js:383:13\\n    at cors (E:\\\\Stat2Win\\\\stat2win-web\\\\functions\\\\node_modules\\\\cors\\\\lib\\\\index.js:188:7)\\n    at E:\\\\Stat2Win\\\\stat2win-web\\\\functions\\\\node_modules\\\\cors\\\\lib\\\\index.js:224:17\\n    at originCallback (E:\\\\Stat2Win\\\\stat2win-web\\\\functions\\\\node_modules\\\\cors\\\\lib\\\\index.js:214:15)\\n    at E:\\\\Stat2Win\\\\stat2win-web\\\\functions\\\\node_modules\\\\cors\\\\lib\\\\index.js:219:13\\n    at optionsCallback (E:\\\\Stat2Win\\\\stat2win-web\\\\functions\\\\node_modules\\\\cors\\\\lib\\\\index.js:199:9)\\n    at corsMiddleware (E:\\\\Stat2Win\\\\stat2win-web\\\\functions\\\\node_modules\\\\cors\\\\lib\\\\index.js:204:7)\"}"}}
[debug] [2026-03-25T02:12:52.410Z] DEBUG: Finishing up request with event=pause
[debug] [2026-03-25T02:12:52.410Z] [functions] Finished "us-central1-syncMLBGamesNow" in 4.7839ms
[debug] [2026-03-25T02:12:52.410Z] DEBUG: [worker-us-central1-syncMLBGamesNow-6647d0ce-0bfb-4bcb-aeb7-a7c77fb20082]: IDLE
[debug] [2026-03-25T02:12:52.410Z] DEBUG: Finishing up request with event=finish
[debug] [2026-03-25T02:12:52.410Z] DEBUG: Finishing up request with event=close
[debug] [2026-03-25T02:12:52.410Z] [work-queue] {"queuedWork":[],"queueLength":0,"runningWork":[],"workRunningCount":0}
[debug] [2026-03-25T02:12:52.411Z] <<< [apiv2][status] POST http://127.0.0.1:5000/stat2win/us-central1/syncMLBGamesNow/ 400
[debug] [2026-03-25T02:12:52.411Z] <<< [apiv2][body] POST http://127.0.0.1:5000/stat2win/us-central1/syncMLBGamesNow/ {"error":{"message":"Bad Request","status":"INVALID_ARGUMENT"}}
[debug] [2026-03-25T02:17:01.306Z] DEBUG: [worker-us-central1-syncMlbOdds-2540914b-95d8-40a0-8c83-f2a9b01a8c65]: exited
[debug] [2026-03-25T02:17:01.306Z] DEBUG: [worker-us-central1-syncMlbOdds-2540914b-95d8-40a0-8c83-f2a9b01a8c65]: FINISHED
[debug] [2026-03-25T02:17:01.306Z] DEBUG: [worker-us-central1-syncMLBGamesNow-6647d0ce-0bfb-4bcb-aeb7-a7c77fb20082]: exited
[debug] [2026-03-25T02:17:01.306Z] DEBUG: [worker-us-central1-syncMLBGamesNow-6647d0ce-0bfb-4bcb-aeb7-a7c77fb20082]: FINISHED
